2021-01-22 07:48:55,285 INFO  [Log] Application Opened 
2021-01-22 07:48:58,660 INFO  [Log] Login Completed 
2021-01-22 07:48:59,293 INFO  [Log] Logout Completed 
2021-01-22 07:49:04,243 INFO  [Log] Application closed 
2021-01-22 07:50:26,020 INFO  [Log] Application Opened 
2021-01-22 07:50:28,265 INFO  [Log] Login Completed 
2021-01-22 07:50:28,757 INFO  [Log] Logout Completed 
2021-01-22 07:50:32,416 INFO  [Log] Application closed 
2021-01-22 07:50:39,640 INFO  [Log] Application Opened 
2021-01-22 07:50:41,705 INFO  [Log] Login Completed 
2021-01-22 07:50:41,705 INFO  [Log] Add emp 
2021-01-22 07:50:41,705 INFO  [Log] Delete emp 
2021-01-22 07:50:42,213 INFO  [Log] Logout Completed 
2021-01-22 07:50:45,810 INFO  [Log] Application closed 
2021-01-27 06:59:51,066 INFO  [Log] Application Opened 
2021-01-27 06:59:55,341 INFO  [Log] Login Completed 
2021-01-27 06:59:56,014 INFO  [Log] Logout Completed 
2021-01-27 07:00:00,739 INFO  [Log] Application closed 
2021-01-27 07:00:07,548 INFO  [Log] Application Opened 
2021-01-27 07:00:09,785 INFO  [Log] Login Completed 
2021-01-27 07:00:09,787 INFO  [Log] Add emp 
2021-01-27 07:00:09,795 INFO  [Log] Delete emp 
2021-01-27 07:00:10,354 INFO  [Log] Logout Completed 
2021-01-27 07:00:14,940 INFO  [Log] Application closed 
2021-01-27 07:57:30,462 INFO  [Log] Application Opened 
2021-01-27 07:57:33,485 INFO  [Log] Login Completed 
2021-01-27 07:57:33,731 INFO  [Log] Logout Completed 
2021-01-27 07:57:38,803 INFO  [Log] Application closed 
2021-01-27 07:57:46,616 INFO  [Log] Application Opened 
2021-01-27 07:57:49,510 INFO  [Log] Login Completed 
2021-01-27 07:57:49,510 INFO  [Log] Add emp 
2021-01-27 07:57:49,510 INFO  [Log] Delete emp 
2021-01-27 07:57:49,809 INFO  [Log] Logout Completed 
2021-01-27 07:57:55,740 INFO  [Log] Application closed 
